<?xml version="1.0" encoding="UTF-8"?>
<!-- Generated by org.testng.reporters.JUnitXMLReporter -->
<testsuite ignored="0" hostname="DESKTOP-1H1R9GO" failures="0" tests="3" name="Default test" time="0.195" errors="0" timestamp="2022-09-09T11:48:01 IST">
  <testcase classname="sampleTests.OrganisationTest" name="createorganisation" time="0.025"/>
  <testcase classname="sampleTests.OrganisationTest" name="deleteorganisation" time="0.009"/>
  <testcase classname="sampleTests.OrganisationTest" name="modifyOrganisation" time="0.005"/>
</testsuite> <!-- Default test -->
